10:18:47 **** Build of configuration Debug for project Uart buffer ****
make -j4 all 
arm-none-eabi-gcc -o "Uart buffer.elf" @"objects.list"   -mcpu=cortex-m4 -T"C:\Users\User\STM32CubeIDE\workspace_1.12.1\Uart buffer\STM32F302R8TX_FLASH.ld" --specs=nosys.specs -Wl,-Map="Uart buffer.map" -Wl,--gc-sections -static --specs=nano.specs -mfpu=fpv4-sp-d16 -mfloat-abi=hard -mthumb -Wl,--start-group -lc -lm -Wl,--end-group
c:\st\stm32cubeide_1.12.1\stm32cubeide\plugins\com.st.stm32cube.ide.mcu.externaltools.gnu-tools-for-stm32.10.3-2021.10.win32_1.0.200.202301161003\tools\arm-none-eabi\bin\ld.exe: ./Core/Src/main.o:C:/Users/User/STM32CubeIDE/workspace_1.12.1/Uart buffer/Debug/../Core/Src/main.c:43: multiple definition of `huart2'; ./Core/Src/UartRingbuffer.o:C:/Users/User/STM32CubeIDE/workspace_1.12.1/Uart buffer/Debug/../Core/Src/UartRingbuffer.c:15: first defined here
collect2.exe: error: ld returned 1 exit status
make: *** [makefile:64: Uart buffer.elf] Error 1
"make -j4 all" terminated with exit code 2. Build might be incomplete.

10:18:48 Build Failed. 2 errors, 0 warnings. (took 843ms)

